<?xml version="1.0" encoding="UTF-8"?>
<!-- Generated by org.testng.reporters.JUnitReportReporter -->
<testsuite hostname="DESKTOP-D58LBFN" failures="0" tests="1" name="Reportingtools.Extentreport2" time="20.038" errors="0" timestamp="2024-10-14T19:29:02 IST" skipped="0">
  <testcase classname="Reportingtools.Extentreport2" name="log" time="20.038"/>
  <system-out/>
</testsuite> <!-- Reportingtools.Extentreport2 -->
