<?xml version="1.0" encoding="UTF-8"?>
<!-- Generated by org.testng.reporters.JUnitReportReporter -->
<testsuite hostname="DESKTOP-D58LBFN" failures="0" tests="1" name="Reportingtools.log4j_printinreport" time="0.308" errors="0" timestamp="2024-10-08T16:39:59 IST" skipped="0">
  <testcase classname="Reportingtools.log4j_printinreport" name="logreoprt" time="0.308"/>
  <system-out/>
</testsuite> <!-- Reportingtools.log4j_printinreport -->
