<?xml version="1.0" encoding="UTF-8"?>
<!-- Generated by org.testng.reporters.JUnitReportReporter -->
<testsuite hostname="DESKTOP-D58LBFN" failures="0" tests="1" name="Reportingtools.log4j" time="0.122" errors="0" timestamp="2024-10-08T16:18:26 IST" skipped="0">
  <testcase classname="Reportingtools.log4j" name="logreport" time="0.122"/>
  <system-out/>
</testsuite> <!-- Reportingtools.log4j -->
