<?xml version="1.0" encoding="UTF-8"?>
<!-- Generated by org.testng.reporters.JUnitReportReporter -->
<testsuite hostname="DESKTOP-D58LBFN" failures="0" tests="1" name="uTiL.propertyfile_ex1" time="0.051" errors="0" timestamp="2024-10-14T16:12:41 IST" skipped="0">
  <testcase classname="uTiL.propertyfile_ex1" name="log" time="0.051"/>
  <system-out/>
</testsuite> <!-- uTiL.propertyfile_ex1 -->
