<?xml version="1.0" encoding="UTF-8"?>
<!-- Generated by org.testng.reporters.JUnitReportReporter -->
<testsuite hostname="DESKTOP-D58LBFN" failures="0" tests="1" name="Reportingtools.log4jprintin_console" time="0.137" errors="0" timestamp="2024-10-08T16:56:45 IST" skipped="0">
  <testcase classname="Reportingtools.log4jprintin_console" name="logreport" time="0.137"/>
  <system-out/>
</testsuite> <!-- Reportingtools.log4jprintin_console -->
