<?xml version="1.0" encoding="UTF-8"?>
<!-- Generated by org.testng.reporters.JUnitReportReporter -->
<testsuite hostname="DESKTOP-D58LBFN" failures="0" tests="1" name="uTiL.Runnerfor_Fb_frmeconst" time="13.352" errors="0" timestamp="2024-10-15T23:12:24 IST" skipped="0">
  <testcase classname="uTiL.Runnerfor_Fb_frmeconst" name="runscript" time="13.352"/>
  <system-out/>
</testsuite> <!-- uTiL.Runnerfor_Fb_frmeconst -->
