<?xml version="1.0" encoding="UTF-8"?>
<!-- Generated by org.testng.reporters.JUnitReportReporter -->
<testsuite hostname="DESKTOP-D58LBFN" failures="0" tests="1" name="Reportingtools.Extentreport" time="1.660" errors="0" timestamp="2024-10-08T14:03:42 IST" skipped="0">
  <testcase classname="Reportingtools.Extentreport" name="exam" time="1.660"/>
  <system-out/>
</testsuite> <!-- Reportingtools.Extentreport -->
